<?xml version="1.0" encoding="UTF-8"?>
<testsuite xmlns:xsi="http://www.w3.org/2001/XMLSchema-instance" xsi:noNamespaceSchemaLocation="https://maven.apache.org/surefire/maven-surefire-plugin/xsd/surefire-test-report-3.0.xsd" version="3.0" name="testrunner.RunnerTest" time="1.061" tests="1" errors="0" skipped="0" failures="0">
  <properties>
[...]
</properties>
  <testcase name="successful registration" classname="user registration" time="0.116">
    <system-out><![CDATA[
Scenario: successful registration          &amp#27;[90m# Allfeaturefile/jpg.feature:2&amp#27;[0m
  &amp#27;[32mGiven &amp#27;[0m&amp#27;[32mi am on the registration&amp#27;[0m           &amp#27;[90m# stepdefination.Step.i_am_on_the_registration()&amp#27;[0m
  &amp#27;[32mWhen &amp#27;[0m&amp#27;[32mi fill in the following information&amp#27;[0m &amp#27;[90m# stepdefination.Step.i_fill_in_the_following_information()&amp#27;[0m
  &amp#27;[32mAnd &amp#27;[0m&amp#27;[32mi click the "registration"button&amp#27;[0m     &amp#27;[90m# stepdefination.Step.i_click_the_registration_button()&amp#27;[0m
  &amp#27;[32mThen &amp#27;[0m&amp#27;[32mi should see sucess message&amp#27;[0m         &amp#27;[90m# stepdefination.Step.i_should_see_sucess_message()&amp#27;[0m
]]></system-out>
  </testcase>
</testsuite>